#
# There is insufficient memory for the Java Runtime Environment to continue.
# Native memory allocation (mmap) failed to map 134217728 bytes for G1 virtual space
# Possible reasons:
#   The system is out of physical RAM or swap space
#   The process is running with CompressedOops enabled, and the Java Heap may be blocking the growth of the native heap
# Possible solutions:
#   Reduce memory load on the system
#   Increase physical memory or swap space
#   Check if swap backing store is full
#   Decrease Java heap size (-Xmx/-Xms)
#   Decrease number of Java threads
#   Decrease Java thread stack sizes (-Xss)
#   Set larger code cache with -XX:ReservedCodeCacheSize=
#   JVM is running with Unscaled Compressed Oops mode in which the Java heap is
#     placed in the first 4GB address space. The Java Heap base address is the
#     maximum limit for the native heap growth. Please use -XX:HeapBaseMinAddress
#     to set the Java Heap base and to place the Java Heap above 4GB virtual address.
# This output file may be truncated or incomplete.
#
#  Out of Memory Error (os_windows.cpp:3530), pid=10860, tid=16428
#
# JRE version:  (18.0.1.1+2) (build )
# Java VM: Java HotSpot(TM) 64-Bit Server VM (18.0.1.1+2-6, mixed mode, sharing, tiered, compressed oops, compressed class ptrs, g1 gc, windows-amd64)
# No core dump will be written. Minidumps are not enabled by default on client versions of Windows
#

---------------  S U M M A R Y ------------

Command Line: 

Host: Intel(R) Core(TM) i5-8265U CPU @ 1.60GHz, 8 cores, 7G,  Windows 10 , 64 bit Build 19041 (10.0.19041.2364)
Time: Fri Jan 20 16:43:53 2023 India Standard Time elapsed time: 0.022509 seconds (0d 0h 0m 0s)

---------------  T H R E A D  ---------------

Current thread (0x00000283e1d124d0):  JavaThread "Unknown thread" [_thread_in_vm, id=16428, stack(0x000000f2f2100000,0x000000f2f2200000)]

Stack: [0x000000f2f2100000,0x000000f2f2200000]
Native frames: (J=compiled Java code, j=interpreted, Vv=VM code, C=native code)
V  [jvm.dll+0x69887a]
V  [jvm.dll+0x7f38bd]
V  [jvm.dll+0x7f51ce]
V  [jvm.dll+0x7f5883]
V  [jvm.dll+0x25ca3f]
V  [jvm.dll+0x6957c9]
V  [jvm.dll+0x68a2fa]
V  [jvm.dll+0x321efb]
V  [jvm.dll+0x3298d6]
V  [jvm.dll+0x37e47e]
V  [jvm.dll+0x37e6af]
V  [jvm.dll+0x2f9c7a]
V  [jvm.dll+0x2facdd]
V  [jvm.dll+0x7c24f0]
V  [jvm.dll+0x38b801]
V  [jvm.dll+0x7a1203]
V  [jvm.dll+0x40d6bf]
V  [jvm.dll+0x40f091]
C  [jli.dll+0x526b]
C  [ucrtbase.dll+0x21bb2]
C  [KERNEL32.DLL+0x17614]
C  [ntdll.dll+0x526a1]


---------------  P R O C E S S  ---------------

Threads class SMR info:
_java_thread_list=0x00007ffe27f9d550, length=0, elements={
}

Java Threads: ( => current thread )

Other Threads:
  0x00000283e1d719b0 WorkerThread "GC Thread#0" [stack: 0x000000f2f2200000,0x000000f2f2300000] [id=9288]
  0x00000283e1d83570 ConcurrentGCThread "G1 Main Marker" [stack: 0x000000f2f2300000,0x000000f2f2400000] [id=1728]
  0x00000283e1d85710 WorkerThread "G1 Conc#0" [stack: 0x000000f2f2400000,0x000000f2f2500000] [id=4928]

[error occurred during error reporting (printing all threads), id 0xc0000005, EXCEPTION_ACCESS_VIOLATION (0xc0000005) at pc=0x00007ffe277ca217]

VM state: not at safepoint (not fully initialized)

VM Mutex/Monitor currently owned by a thread:  ([mutex/lock_event])
[0x00000283e1d0e3b0] Heap_lock - owner thread: 0x00000283e1d124d0

Heap address: 0x0000000081c00000, size: 2020 MB, Compressed Oops mode: 32-bit

CDS archive(s) mapped at: [0x0000000000000000-0x0000000000000000-0x0000000000000000), size 0, SharedBaseAddress: 0x0000000800000000, ArchiveRelocationMode: 0.
Narrow klass base: 0x0000000000000000, Narrow klass shift: 0, Narrow klass range: 0x0

GC Precious Log:
 CardTable entry size: 512
 Card Set container configuration: InlinePtr #cards 5 size 8 Array Of Cards #cards 12 size 40 Howl #buckets 4 coarsen threshold 1843 Howl Bitmap #cards 512 size 80 coarsen threshold 460 Card regions per heap region 1 cards per card region 2048

Heap:
 garbage-first heap   total 0K, used 0K [0x0000000081c00000, 0x0000000100000000)
  region size 1024K, 0 young (0K), 0 survivors (0K)

[error occurred during error reporting (printing heap information), id 0xc0000005, EXCEPTION_ACCESS_VIOLATION (0xc0000005) at pc=0x00007ffe27bb0cb9]

GC Heap History (0 events):
No events

Deoptimization events (0 events):
No events

Classes loaded (0 events):
No events

Classes unloaded (0 events):
No events

Classes redefined (0 events):
No events

Internal exceptions (0 events):
No events

VM Operations (0 events):
No events

Events (1 events):
Event: 0.013 Loaded shared library E:\Software\java\bin\java.dll


Dynamic libraries:
0x00007ff71ea10000 - 0x00007ff71ea20000 	E:\Software\java\bin\java.exe
0x00007ffeb0cd0000 - 0x00007ffeb0ec8000 	C:\WINDOWS\SYSTEM32\ntdll.dll
0x00007ffeb0910000 - 0x00007ffeb09cf000 	C:\WINDOWS\System32\KERNEL32.DLL
0x00007ffeae570000 - 0x00007ffeae842000 	C:\WINDOWS\System32\KERNELBASE.dll
0x00007ffeae3c0000 - 0x00007ffeae4c0000 	C:\WINDOWS\System32\ucrtbase.dll
0x00007ffe8c6c0000 - 0x00007ffe8c6d8000 	E:\Software\java\bin\jli.dll
0x00007ffeaf890000 - 0x00007ffeaf93e000 	C:\WINDOWS\System32\ADVAPI32.dll
0x00007ffeb02e0000 - 0x00007ffeb037e000 	C:\WINDOWS\System32\msvcrt.dll
0x00007ffe83a30000 - 0x00007ffe83a4a000 	E:\Software\java\bin\VCRUNTIME140.dll
0x00007ffeb0240000 - 0x00007ffeb02dc000 	C:\WINDOWS\System32\sechost.dll
0x00007ffeb0b60000 - 0x00007ffeb0c85000 	C:\WINDOWS\System32\RPCRT4.dll
0x00007ffeaef60000 - 0x00007ffeaf101000 	C:\WINDOWS\System32\USER32.dll
0x00007ffe96b30000 - 0x00007ffe96dca000 	C:\WINDOWS\WinSxS\amd64_microsoft.windows.common-controls_6595b64144ccf1df_6.0.19041.1110_none_60b5254171f9507e\COMCTL32.dll
0x00007ffeaece0000 - 0x00007ffeaed02000 	C:\WINDOWS\System32\win32u.dll
0x00007ffeaed10000 - 0x00007ffeaed3b000 	C:\WINDOWS\System32\GDI32.dll
0x00007ffeae910000 - 0x00007ffeaea1f000 	C:\WINDOWS\System32\gdi32full.dll
0x00007ffeaea70000 - 0x00007ffeaeb0d000 	C:\WINDOWS\System32\msvcp_win.dll
0x00007ffea68b0000 - 0x00007ffea68ba000 	C:\WINDOWS\SYSTEM32\VERSION.dll
0x00007ffeb08d0000 - 0x00007ffeb0902000 	C:\WINDOWS\System32\IMM32.DLL
0x00007ffe957c0000 - 0x00007ffe957cc000 	E:\Software\java\bin\vcruntime140_1.dll
0x00007ffe83060000 - 0x00007ffe830ed000 	E:\Software\java\bin\msvcp140.dll
0x00007ffe274c0000 - 0x00007ffe280d0000 	E:\Software\java\bin\server\jvm.dll
0x00007ffeb0b50000 - 0x00007ffeb0b58000 	C:\WINDOWS\System32\PSAPI.DLL
0x00007ffe92790000 - 0x00007ffe927b7000 	C:\WINDOWS\SYSTEM32\WINMM.dll
0x00007ffea9bc0000 - 0x00007ffea9bc9000 	C:\WINDOWS\SYSTEM32\WSOCK32.dll
0x00007ffeaf940000 - 0x00007ffeaf9ab000 	C:\WINDOWS\System32\WS2_32.dll
0x00007ffeac2b0000 - 0x00007ffeac2c2000 	C:\WINDOWS\SYSTEM32\kernel.appcore.dll
0x00007ffe92aa0000 - 0x00007ffe92aaa000 	E:\Software\java\bin\jimage.dll
0x00007ffeabb70000 - 0x00007ffeabd54000 	C:\WINDOWS\SYSTEM32\DBGHELP.DLL
0x00007ffe90f40000 - 0x00007ffe90f75000 	C:\WINDOWS\SYSTEM32\dbgcore.DLL
0x00007ffeae880000 - 0x00007ffeae902000 	C:\WINDOWS\System32\bcryptPrimitives.dll
0x00007ffe838d0000 - 0x00007ffe838f5000 	E:\Software\java\bin\java.dll

dbghelp: loaded successfully - version: 4.0.5 - missing functions: none
symbol engine: initialized successfully - sym options: 0x614 - pdb path: .;E:\Software\java\bin;C:\WINDOWS\SYSTEM32;C:\WINDOWS\WinSxS\amd64_microsoft.windows.common-controls_6595b64144ccf1df_6.0.19041.1110_none_60b5254171f9507e;E:\Software\java\bin\server

VM Arguments:
java_command: <unknown>
java_class_path (initial): <not set>
Launcher Type: SUN_STANDARD

[Global flags]
     intx CICompilerCount                          = 4                                         {product} {ergonomic}
     uint ConcGCThreads                            = 2                                         {product} {ergonomic}
     uint G1ConcRefinementThreads                  = 8                                         {product} {ergonomic}
   size_t G1HeapRegionSize                         = 1048576                                   {product} {ergonomic}
    uintx GCDrainStackTargetSize                   = 64                                        {product} {ergonomic}
   size_t InitialHeapSize                          = 134217728                                 {product} {ergonomic}
   size_t MarkStackSize                            = 4194304                                   {product} {ergonomic}
   size_t MaxHeapSize                              = 2118123520                                {product} {ergonomic}
   size_t MinHeapDeltaBytes                        = 1048576                                   {product} {ergonomic}
   size_t MinHeapSize                              = 8388608                                   {product} {ergonomic}
    uintx NonNMethodCodeHeapSize                   = 5839372                                {pd product} {ergonomic}
    uintx NonProfiledCodeHeapSize                  = 122909434                              {pd product} {ergonomic}
    uintx ProfiledCodeHeapSize                     = 122909434                              {pd product} {ergonomic}
    uintx ReservedCodeCacheSize                    = 251658240                              {pd product} {ergonomic}
     bool SegmentedCodeCache                       = true                                      {product} {ergonomic}
   size_t SoftMaxHeapSize                          = 2118123520                             {manageable} {ergonomic}
     bool UseCompressedClassPointers               = true                           {product lp64_product} {ergonomic}
     bool UseCompressedOops                        = true                           {product lp64_product} {ergonomic}
     bool UseG1GC                                  = true                                      {product} {ergonomic}
     bool UseLargePagesIndividualAllocation        = false                                  {pd product} {ergonomic}

Logging:
Log output configuration:
 #0: stdout all=warning uptime,level,tags foldmultilines=false
 #1: stderr all=off uptime,level,tags foldmultilines=false

Environment Variables:
PATH=C:\Python311\Scripts\;C:\Python311\;C:\Program Files\Common Files\Oracle\Java\javapath;C:\WINDOWS\system32;C:\WINDOWS;C:\WINDOWS\System32\Wbem;C:\WINDOWS\System32\WindowsPowerShell\v1.0\;C:\WINDOWS\System32\OpenSSH\;E:\Software\Git\cmd;E:\Software\Node\;C:\ProgramData\chocolatey\bin;C:\Users\rishi\AppData\Local\Pub\Cache\bin;C:\Program Files\MySQL\MySQL Server 8.0\bin;C:\Program Files\dotnet\;C:\Program Files\MySQL\MySQL Shell 8.0\bin\;E:\Software\Scripts\;E:\Software\python;C:\Users\rishi\AppData\Local\Microsoft\WindowsApps;E:\Software\Flutter\flutter\bin;E:\Software\Microsoft VS Code\bin;E:\Software\Flutter\flutter\bin;E:\Software\pycharm\PyCharm Community Edition 2022.1.3\bin;;E:\Software\python\Scripts;E:\Projects\firebase_cli\firebase-tools-instant-win;C:\Users\rishi\AppData\Roaming\npm;E:\Software\IntelliJ IDEA Community Edition 2022.3.1\bin;;E:\Software\Flutter\flutter\bin\mingit\cmd
USERNAME=rishi
OS=Windows_NT
PROCESSOR_IDENTIFIER=Intel64 Family 6 Model 142 Stepping 11, GenuineIntel



---------------  S Y S T E M  ---------------

OS:
 Windows 10 , 64 bit Build 19041 (10.0.19041.2364)
OS uptime: 1 days 23:15 hours

CPU: total 8 (initial active 8) (4 cores per cpu, 2 threads per core) family 6 model 142 stepping 11 microcode 0xec, cx8, cmov, fxsr, ht, mmx, 3dnowpref, sse, sse2, sse3, ssse3, sse4.1, sse4.2, popcnt, lzcnt, tsc, tscinvbit, avx, avx2, aes, erms, clmul, bmi1, bmi2, adx, fma, vzeroupper, clflush, clflushopt

Memory: 4k page, system-wide physical 8073M (38M free)
TotalPageFile size 14473M (AvailPageFile size 78M)
current process WorkingSet (physical memory assigned to process): 10M, peak: 10M
current process commit charge ("private bytes"): 60M, peak: 188M

vm_info: Java HotSpot(TM) 64-Bit Server VM (18.0.1.1+2-6) for windows-amd64 JRE (18.0.1.1+2-6), built on Apr 25 2022 21:53:15 by "mach5one" with MS VC++ 16.8 / 16.9 (VS2019)

END.
