#
# There is insufficient memory for the Java Runtime Environment to continue.
# Native memory allocation (malloc) failed to allocate 578736 bytes for Chunk::new
# Possible reasons:
#   The system is out of physical RAM or swap space
#   The process is running with CompressedOops enabled, and the Java Heap may be blocking the growth of the native heap
# Possible solutions:
#   Reduce memory load on the system
#   Increase physical memory or swap space
#   Check if swap backing store is full
#   Decrease Java heap size (-Xmx/-Xms)
#   Decrease number of Java threads
#   Decrease Java thread stack sizes (-Xss)
#   Set larger code cache with -XX:ReservedCodeCacheSize=
#   JVM is running with Unscaled Compressed Oops mode in which the Java heap is
#     placed in the first 4GB address space. The Java Heap base address is the
#     maximum limit for the native heap growth. Please use -XX:HeapBaseMinAddress
#     to set the Java Heap base and to place the Java Heap above 4GB virtual address.
# This output file may be truncated or incomplete.
#
#  Out of Memory Error (./src/hotspot/share/memory/arena.cpp:197), pid=4820, tid=17248
#
# JRE version: OpenJDK Runtime Environment (11.0.12+7) (build 11.0.12+7-b1504.28-7817840)
# Java VM: OpenJDK 64-Bit Server VM (11.0.12+7-b1504.28-7817840, mixed mode, tiered, compressed oops, g1 gc, windows-amd64)
# No core dump will be written. Minidumps are not enabled by default on client versions of Windows
#

---------------  S U M M A R Y ------------

Command Line: -Dorg.gradle.appname=gradlew org.gradle.wrapper.GradleWrapperMain -q -Ptarget-platform=android-x86 -Ptarget=E:\Projects\AusamProject\App\Automated-Gate-UI\ausum_app\lib\main.dart -Pbase-application-name=android.app.Application -Pdart-defines=RkxVVFRFUl9XRUJfQVVUT19ERVRFQ1Q9dHJ1ZQ== -Pdart-obfuscation=false -Ptrack-widget-creation=true -Ptree-shake-icons=false -Pfilesystem-scheme=org-dartlang-root assembleDebug

Host: Intel(R) Core(TM) i5-8265U CPU @ 1.60GHz, 8 cores, 7G,  Windows 10 , 64 bit Build 19041 (10.0.19041.2364)
Time: Fri Jan 20 16:45:21 2023 India Standard Time elapsed time: 2.714564 seconds (0d 0h 0m 2s)

---------------  T H R E A D  ---------------

Current thread (0x0000021cd5871800):  JavaThread "C2 CompilerThread0" daemon [_thread_in_native, id=17248, stack(0x000000cdf1a00000,0x000000cdf1b00000)]


Current CompileTask:
C2:   2714  818       4       java.util.HashSet::add (20 bytes)

Stack: [0x000000cdf1a00000,0x000000cdf1b00000]
Native frames: (J=compiled Java code, j=interpreted, Vv=VM code, C=native code)
V  [jvm.dll+0x5fbcea]
V  [jvm.dll+0x731905]
V  [jvm.dll+0x732f1d]
V  [jvm.dll+0x7335d3]
V  [jvm.dll+0x247bf8]
V  [jvm.dll+0xc018c]
V  [jvm.dll+0xc06cc]
V  [jvm.dll+0x35b2db]
V  [jvm.dll+0x19d0bc]
V  [jvm.dll+0x20070e]
V  [jvm.dll+0x1ff794]
V  [jvm.dll+0x18868c]
V  [jvm.dll+0x20e0d7]
V  [jvm.dll+0x20c901]
V  [jvm.dll+0x6f9b7f]
V  [jvm.dll+0x6f26a5]
V  [jvm.dll+0x5fabf6]
C  [ucrtbase.dll+0x21bb2]
C  [KERNEL32.DLL+0x17614]
C  [ntdll.dll+0x526a1]


---------------  P R O C E S S  ---------------

Threads class SMR info:
_java_thread_list=0x0000021cd598adf0, length=10, elements={
0x0000021cbab30000, 0x0000021cd4ee8800, 0x0000021cd4eea000, 0x0000021cd5868800,
0x0000021cd586a800, 0x0000021cd586e000, 0x0000021cd5871800, 0x0000021cd4f00000,
0x0000021cd4f05800, 0x0000021cd59bc000
}

Java Threads: ( => current thread )
  0x0000021cbab30000 JavaThread "main" [_thread_blocked, id=14520, stack(0x000000cdf0d00000,0x000000cdf0e00000)]
  0x0000021cd4ee8800 JavaThread "Reference Handler" daemon [_thread_blocked, id=17156, stack(0x000000cdf1400000,0x000000cdf1500000)]
  0x0000021cd4eea000 JavaThread "Finalizer" daemon [_thread_blocked, id=10096, stack(0x000000cdf1500000,0x000000cdf1600000)]
  0x0000021cd5868800 JavaThread "Signal Dispatcher" daemon [_thread_blocked, id=6032, stack(0x000000cdf1700000,0x000000cdf1800000)]
  0x0000021cd586a800 JavaThread "Attach Listener" daemon [_thread_blocked, id=14992, stack(0x000000cdf1800000,0x000000cdf1900000)]
  0x0000021cd586e000 JavaThread "Service Thread" daemon [_thread_blocked, id=1352, stack(0x000000cdf1900000,0x000000cdf1a00000)]
=>0x0000021cd5871800 JavaThread "C2 CompilerThread0" daemon [_thread_in_native, id=17248, stack(0x000000cdf1a00000,0x000000cdf1b00000)]
  0x0000021cd4f00000 JavaThread "C1 CompilerThread0" daemon [_thread_blocked, id=13176, stack(0x000000cdf1b00000,0x000000cdf1c00000)]
  0x0000021cd4f05800 JavaThread "Sweeper thread" daemon [_thread_blocked, id=9720, stack(0x000000cdf1c00000,0x000000cdf1d00000)]
  0x0000021cd59bc000 JavaThread "Common-Cleaner" daemon [_thread_blocked, id=8740, stack(0x000000cdf1e00000,0x000000cdf1f00000)]

Other Threads:
  0x0000021cd4ec6000 VMThread "VM Thread" [stack: 0x000000cdf1300000,0x000000cdf1400000] [id=5752]
  0x0000021cd59b5800 WatcherThread [stack: 0x000000cdf1d00000,0x000000cdf1e00000] [id=16280]
  0x0000021cbab45800 GCTaskThread "GC Thread#0" [stack: 0x000000cdf0e00000,0x000000cdf0f00000] [id=8952]
  0x0000021cd6284800 GCTaskThread "GC Thread#1" [stack: 0x000000cdf1f00000,0x000000cdf2000000] [id=10544]
  0x0000021cd663a800 GCTaskThread "GC Thread#2" [stack: 0x000000cdf2000000,0x000000cdf2100000] [id=11916]
  0x0000021cbab77000 ConcurrentGCThread "G1 Main Marker" [stack: 0x000000cdf0f00000,0x000000cdf1000000] [id=12544]
  0x0000021cbab7d800 ConcurrentGCThread "G1 Conc#0" [stack: 0x000000cdf1000000,0x000000cdf1100000] [id=4000]
  0x0000021cd4d30800 ConcurrentGCThread "G1 Refine#0" [stack: 0x000000cdf1100000,0x000000cdf1200000] [id=12344]
  0x0000021cd4d31800 ConcurrentGCThread "G1 Young RemSet Sampling" [stack: 0x000000cdf1200000,0x000000cdf1300000] [id=16332]

Threads with active compile tasks:
C2 CompilerThread0   2766  818       4       java.util.HashSet::add (20 bytes)

VM state:at safepoint (normal execution)

VM Mutex/Monitor currently owned by a thread:  ([mutex/lock_event])
[0x0000021cbab2bd90] Threads_lock - owner thread: 0x0000021cd4ec6000
[0x0000021cbab2bb50] Heap_lock - owner thread: 0x0000021cbab30000

Heap address: 0x0000000081c00000, size: 2020 MB, Compressed Oops mode: 32-bit
Narrow klass base: 0x0000000000000000, Narrow klass shift: 3
Compressed class space size: 1073741824 Address: 0x0000000100000000

Heap:
 garbage-first heap   total 131072K, used 30720K [0x0000000081c00000, 0x0000000100000000)
  region size 1024K, 27 young (27648K), 3 survivors (3072K)
 Metaspace       used 10784K, capacity 11039K, committed 11264K, reserved 1058816K
  class space    used 1121K, capacity 1211K, committed 1280K, reserved 1048576K
Heap Regions: E=young(eden), S=young(survivor), O=old, HS=humongous(starts), HC=humongous(continues), CS=collection set, F=free, A=archive, TAMS=top-at-mark-start (previous, next)
|   0|0x0000000081c00000, 0x0000000081d00000, 0x0000000081d00000|100%|HS|  |TAMS 0x0000000081c00000, 0x0000000081c00000| Complete 
|   1|0x0000000081d00000, 0x0000000081e00000, 0x0000000081e00000|100%|HC|  |TAMS 0x0000000081d00000, 0x0000000081d00000| Complete 
|   2|0x0000000081e00000, 0x0000000081f00000, 0x0000000081f00000|100%|HC|  |TAMS 0x0000000081e00000, 0x0000000081e00000| Complete 
|   3|0x0000000081f00000, 0x0000000082000000, 0x0000000082000000|100%|HS|  |TAMS 0x0000000081f00000, 0x0000000081f00000| Complete 
|   4|0x0000000082000000, 0x0000000082100000, 0x0000000082100000|100%|HC|  |TAMS 0x0000000082000000, 0x0000000082000000| Complete 
|   5|0x0000000082100000, 0x0000000082200000, 0x0000000082200000|100%|HC|  |TAMS 0x0000000082100000, 0x0000000082100000| Complete 
|   6|0x0000000082200000, 0x0000000082300000, 0x0000000082300000|100%| O|  |TAMS 0x0000000082200000, 0x0000000082200000| Untracked 
|   7|0x0000000082300000, 0x0000000082400000, 0x0000000082400000|100%| O|  |TAMS 0x0000000082300000, 0x0000000082300000| Untracked 
|   8|0x0000000082400000, 0x000000008249ab58, 0x0000000082500000| 60%| O|  |TAMS 0x0000000082400000, 0x0000000082400000| Untracked 
|   9|0x0000000082500000, 0x0000000082500000, 0x0000000082600000|  0%| F|  |TAMS 0x0000000082500000, 0x0000000082500000| Untracked 
|  10|0x0000000082600000, 0x0000000082600000, 0x0000000082700000|  0%| F|  |TAMS 0x0000000082600000, 0x0000000082600000| Untracked 
|  11|0x0000000082700000, 0x0000000082700000, 0x0000000082800000|  0%| F|  |TAMS 0x0000000082700000, 0x0000000082700000| Untracked 
|  12|0x0000000082800000, 0x0000000082800000, 0x0000000082900000|  0%| F|  |TAMS 0x0000000082800000, 0x0000000082800000| Untracked 
|  13|0x0000000082900000, 0x0000000082900000, 0x0000000082a00000|  0%| F|  |TAMS 0x0000000082900000, 0x0000000082900000| Untracked 
|  14|0x0000000082a00000, 0x0000000082a00000, 0x0000000082b00000|  0%| F|  |TAMS 0x0000000082a00000, 0x0000000082a00000| Untracked 
|  15|0x0000000082b00000, 0x0000000082b00000, 0x0000000082c00000|  0%| F|  |TAMS 0x0000000082b00000, 0x0000000082b00000| Untracked 
|  16|0x0000000082c00000, 0x0000000082c00000, 0x0000000082d00000|  0%| F|  |TAMS 0x0000000082c00000, 0x0000000082c00000| Untracked 
|  17|0x0000000082d00000, 0x0000000082d00000, 0x0000000082e00000|  0%| F|  |TAMS 0x0000000082d00000, 0x0000000082d00000| Untracked 
|  18|0x0000000082e00000, 0x0000000082e00000, 0x0000000082f00000|  0%| F|  |TAMS 0x0000000082e00000, 0x0000000082e00000| Untracked 
|  19|0x0000000082f00000, 0x0000000082f00000, 0x0000000083000000|  0%| F|  |TAMS 0x0000000082f00000, 0x0000000082f00000| Untracked 
|  20|0x0000000083000000, 0x0000000083000000, 0x0000000083100000|  0%| F|  |TAMS 0x0000000083000000, 0x0000000083000000| Untracked 
|  21|0x0000000083100000, 0x0000000083100000, 0x0000000083200000|  0%| F|  |TAMS 0x0000000083100000, 0x0000000083100000| Untracked 
|  22|0x0000000083200000, 0x0000000083200000, 0x0000000083300000|  0%| F|  |TAMS 0x0000000083200000, 0x0000000083200000| Untracked 
|  23|0x0000000083300000, 0x0000000083300000, 0x0000000083400000|  0%| F|  |TAMS 0x0000000083300000, 0x0000000083300000| Untracked 
|  24|0x0000000083400000, 0x0000000083400000, 0x0000000083500000|  0%| F|  |TAMS 0x0000000083400000, 0x0000000083400000| Untracked 
|  25|0x0000000083500000, 0x0000000083500000, 0x0000000083600000|  0%| F|  |TAMS 0x0000000083500000, 0x0000000083500000| Untracked 
|  26|0x0000000083600000, 0x0000000083600000, 0x0000000083700000|  0%| F|  |TAMS 0x0000000083600000, 0x0000000083600000| Untracked 
|  27|0x0000000083700000, 0x0000000083700000, 0x0000000083800000|  0%| F|  |TAMS 0x0000000083700000, 0x0000000083700000| Untracked 
|  28|0x0000000083800000, 0x0000000083800000, 0x0000000083900000|  0%| F|  |TAMS 0x0000000083800000, 0x0000000083800000| Untracked 
|  29|0x0000000083900000, 0x0000000083900000, 0x0000000083a00000|  0%| F|  |TAMS 0x0000000083900000, 0x0000000083900000| Untracked 
|  30|0x0000000083a00000, 0x0000000083a00000, 0x0000000083b00000|  0%| F|  |TAMS 0x0000000083a00000, 0x0000000083a00000| Untracked 
|  31|0x0000000083b00000, 0x0000000083b00000, 0x0000000083c00000|  0%| F|  |TAMS 0x0000000083b00000, 0x0000000083b00000| Untracked 
|  32|0x0000000083c00000, 0x0000000083c00000, 0x0000000083d00000|  0%| F|  |TAMS 0x0000000083c00000, 0x0000000083c00000| Untracked 
|  33|0x0000000083d00000, 0x0000000083d00000, 0x0000000083e00000|  0%| F|  |TAMS 0x0000000083d00000, 0x0000000083d00000| Untracked 
|  34|0x0000000083e00000, 0x0000000083e00000, 0x0000000083f00000|  0%| F|  |TAMS 0x0000000083e00000, 0x0000000083e00000| Untracked 
|  35|0x0000000083f00000, 0x0000000083f00000, 0x0000000084000000|  0%| F|  |TAMS 0x0000000083f00000, 0x0000000083f00000| Untracked 
|  36|0x0000000084000000, 0x0000000084000000, 0x0000000084100000|  0%| F|  |TAMS 0x0000000084000000, 0x0000000084000000| Untracked 
|  37|0x0000000084100000, 0x0000000084100000, 0x0000000084200000|  0%| F|  |TAMS 0x0000000084100000, 0x0000000084100000| Untracked 
|  38|0x0000000084200000, 0x0000000084200000, 0x0000000084300000|  0%| F|  |TAMS 0x0000000084200000, 0x0000000084200000| Untracked 
|  39|0x0000000084300000, 0x0000000084300000, 0x0000000084400000|  0%| F|  |TAMS 0x0000000084300000, 0x0000000084300000| Untracked 
|  40|0x0000000084400000, 0x0000000084400000, 0x0000000084500000|  0%| F|  |TAMS 0x0000000084400000, 0x0000000084400000| Untracked 
|  41|0x0000000084500000, 0x0000000084500000, 0x0000000084600000|  0%| F|  |TAMS 0x0000000084500000, 0x0000000084500000| Untracked 
|  42|0x0000000084600000, 0x0000000084600000, 0x0000000084700000|  0%| F|  |TAMS 0x0000000084600000, 0x0000000084600000| Untracked 
|  43|0x0000000084700000, 0x0000000084700000, 0x0000000084800000|  0%| F|  |TAMS 0x0000000084700000, 0x0000000084700000| Untracked 
|  44|0x0000000084800000, 0x0000000084800000, 0x0000000084900000|  0%| F|  |TAMS 0x0000000084800000, 0x0000000084800000| Untracked 
|  45|0x0000000084900000, 0x0000000084900000, 0x0000000084a00000|  0%| F|  |TAMS 0x0000000084900000, 0x0000000084900000| Untracked 
|  46|0x0000000084a00000, 0x0000000084a00000, 0x0000000084b00000|  0%| F|  |TAMS 0x0000000084a00000, 0x0000000084a00000| Untracked 
|  47|0x0000000084b00000, 0x0000000084b00000, 0x0000000084c00000|  0%| F|  |TAMS 0x0000000084b00000, 0x0000000084b00000| Untracked 
|  48|0x0000000084c00000, 0x0000000084c00000, 0x0000000084d00000|  0%| F|  |TAMS 0x0000000084c00000, 0x0000000084c00000| Untracked 
|  49|0x0000000084d00000, 0x0000000084d00000, 0x0000000084e00000|  0%| F|  |TAMS 0x0000000084d00000, 0x0000000084d00000| Untracked 
|  50|0x0000000084e00000, 0x0000000084e00000, 0x0000000084f00000|  0%| F|  |TAMS 0x0000000084e00000, 0x0000000084e00000| Untracked 
|  51|0x0000000084f00000, 0x0000000084f00000, 0x0000000085000000|  0%| F|  |TAMS 0x0000000084f00000, 0x0000000084f00000| Untracked 
|  52|0x0000000085000000, 0x0000000085000000, 0x0000000085100000|  0%| F|  |TAMS 0x0000000085000000, 0x0000000085000000| Untracked 
|  53|0x0000000085100000, 0x0000000085100000, 0x0000000085200000|  0%| F|  |TAMS 0x0000000085100000, 0x0000000085100000| Untracked 
|  54|0x0000000085200000, 0x0000000085200000, 0x0000000085300000|  0%| F|  |TAMS 0x0000000085200000, 0x0000000085200000| Untracked 
|  55|0x0000000085300000, 0x0000000085300000, 0x0000000085400000|  0%| F|  |TAMS 0x0000000085300000, 0x0000000085300000| Untracked 
|  56|0x0000000085400000, 0x0000000085400000, 0x0000000085500000|  0%| F|  |TAMS 0x0000000085400000, 0x0000000085400000| Untracked 
|  57|0x0000000085500000, 0x0000000085500000, 0x0000000085600000|  0%| F|  |TAMS 0x0000000085500000, 0x0000000085500000| Untracked 
|  58|0x0000000085600000, 0x0000000085600000, 0x0000000085700000|  0%| F|  |TAMS 0x0000000085600000, 0x0000000085600000| Untracked 
|  59|0x0000000085700000, 0x0000000085700000, 0x0000000085800000|  0%| F|  |TAMS 0x0000000085700000, 0x0000000085700000| Untracked 
|  60|0x0000000085800000, 0x0000000085800000, 0x0000000085900000|  0%| F|  |TAMS 0x0000000085800000, 0x0000000085800000| Untracked 
|  61|0x0000000085900000, 0x0000000085900000, 0x0000000085a00000|  0%| F|  |TAMS 0x0000000085900000, 0x0000000085900000| Untracked 
|  62|0x0000000085a00000, 0x0000000085a00000, 0x0000000085b00000|  0%| F|  |TAMS 0x0000000085a00000, 0x0000000085a00000| Untracked 
|  63|0x0000000085b00000, 0x0000000085b00000, 0x0000000085c00000|  0%| F|  |TAMS 0x0000000085b00000, 0x0000000085b00000| Untracked 
|  64|0x0000000085c00000, 0x0000000085c00000, 0x0000000085d00000|  0%| F|  |TAMS 0x0000000085c00000, 0x0000000085c00000| Untracked 
|  65|0x0000000085d00000, 0x0000000085d00000, 0x0000000085e00000|  0%| F|  |TAMS 0x0000000085d00000, 0x0000000085d00000| Untracked 
|  66|0x0000000085e00000, 0x0000000085e00000, 0x0000000085f00000|  0%| F|  |TAMS 0x0000000085e00000, 0x0000000085e00000| Untracked 
|  67|0x0000000085f00000, 0x0000000085f00000, 0x0000000086000000|  0%| F|  |TAMS 0x0000000085f00000, 0x0000000085f00000| Untracked 
|  68|0x0000000086000000, 0x0000000086000000, 0x0000000086100000|  0%| F|  |TAMS 0x0000000086000000, 0x0000000086000000| Untracked 
|  69|0x0000000086100000, 0x0000000086100000, 0x0000000086200000|  0%| F|  |TAMS 0x0000000086100000, 0x0000000086100000| Untracked 
|  70|0x0000000086200000, 0x0000000086200000, 0x0000000086300000|  0%| F|  |TAMS 0x0000000086200000, 0x0000000086200000| Untracked 
|  71|0x0000000086300000, 0x0000000086300000, 0x0000000086400000|  0%| F|  |TAMS 0x0000000086300000, 0x0000000086300000| Untracked 
|  72|0x0000000086400000, 0x0000000086400000, 0x0000000086500000|  0%| F|  |TAMS 0x0000000086400000, 0x0000000086400000| Untracked 
|  73|0x0000000086500000, 0x0000000086500000, 0x0000000086600000|  0%| F|  |TAMS 0x0000000086500000, 0x0000000086500000| Untracked 
|  74|0x0000000086600000, 0x0000000086600000, 0x0000000086700000|  0%| F|  |TAMS 0x0000000086600000, 0x0000000086600000| Untracked 
|  75|0x0000000086700000, 0x0000000086700000, 0x0000000086800000|  0%| F|  |TAMS 0x0000000086700000, 0x0000000086700000| Untracked 
|  76|0x0000000086800000, 0x0000000086800000, 0x0000000086900000|  0%| F|  |TAMS 0x0000000086800000, 0x0000000086800000| Untracked 
|  77|0x0000000086900000, 0x0000000086900000, 0x0000000086a00000|  0%| F|  |TAMS 0x0000000086900000, 0x0000000086900000| Untracked 
|  78|0x0000000086a00000, 0x0000000086a00000, 0x0000000086b00000|  0%| F|  |TAMS 0x0000000086a00000, 0x0000000086a00000| Untracked 
|  79|0x0000000086b00000, 0x0000000086b00000, 0x0000000086c00000|  0%| F|  |TAMS 0x0000000086b00000, 0x0000000086b00000| Untracked 
|  80|0x0000000086c00000, 0x0000000086c00000, 0x0000000086d00000|  0%| F|  |TAMS 0x0000000086c00000, 0x0000000086c00000| Untracked 
|  81|0x0000000086d00000, 0x0000000086d00000, 0x0000000086e00000|  0%| F|  |TAMS 0x0000000086d00000, 0x0000000086d00000| Untracked 
|  82|0x0000000086e00000, 0x0000000086e00000, 0x0000000086f00000|  0%| F|  |TAMS 0x0000000086e00000, 0x0000000086e00000| Untracked 
|  83|0x0000000086f00000, 0x0000000086f00000, 0x0000000087000000|  0%| F|  |TAMS 0x0000000086f00000, 0x0000000086f00000| Untracked 
|  84|0x0000000087000000, 0x0000000087000000, 0x0000000087100000|  0%| F|  |TAMS 0x0000000087000000, 0x0000000087000000| Untracked 
|  85|0x0000000087100000, 0x0000000087100000, 0x0000000087200000|  0%| F|  |TAMS 0x0000000087100000, 0x0000000087100000| Untracked 
|  86|0x0000000087200000, 0x0000000087200000, 0x0000000087300000|  0%| F|  |TAMS 0x0000000087200000, 0x0000000087200000| Untracked 
|  87|0x0000000087300000, 0x0000000087300000, 0x0000000087400000|  0%| F|  |TAMS 0x0000000087300000, 0x0000000087300000| Untracked 
|  88|0x0000000087400000, 0x0000000087400000, 0x0000000087500000|  0%| F|  |TAMS 0x0000000087400000, 0x0000000087400000| Untracked 
|  89|0x0000000087500000, 0x0000000087500000, 0x0000000087600000|  0%| F|  |TAMS 0x0000000087500000, 0x0000000087500000| Untracked 
|  90|0x0000000087600000, 0x0000000087600000, 0x0000000087700000|  0%| F|  |TAMS 0x0000000087600000, 0x0000000087600000| Untracked 
|  91|0x0000000087700000, 0x0000000087700000, 0x0000000087800000|  0%| F|  |TAMS 0x0000000087700000, 0x0000000087700000| Untracked 
|  92|0x0000000087800000, 0x0000000087800000, 0x0000000087900000|  0%| F|  |TAMS 0x0000000087800000, 0x0000000087800000| Untracked 
|  93|0x0000000087900000, 0x0000000087900000, 0x0000000087a00000|  0%| F|  |TAMS 0x0000000087900000, 0x0000000087900000| Untracked 
|  94|0x0000000087a00000, 0x0000000087a00000, 0x0000000087b00000|  0%| F|  |TAMS 0x0000000087a00000, 0x0000000087a00000| Untracked 
|  95|0x0000000087b00000, 0x0000000087b00000, 0x0000000087c00000|  0%| F|  |TAMS 0x0000000087b00000, 0x0000000087b00000| Untracked 
|  96|0x0000000087c00000, 0x0000000087c00000, 0x0000000087d00000|  0%| F|  |TAMS 0x0000000087c00000, 0x0000000087c00000| Untracked 
|  97|0x0000000087d00000, 0x0000000087d00000, 0x0000000087e00000|  0%| F|  |TAMS 0x0000000087d00000, 0x0000000087d00000| Untracked 
|  98|0x0000000087e00000, 0x0000000087e00000, 0x0000000087f00000|  0%| F|  |TAMS 0x0000000087e00000, 0x0000000087e00000| Untracked 
|  99|0x0000000087f00000, 0x0000000087f00000, 0x0000000088000000|  0%| F|  |TAMS 0x0000000087f00000, 0x0000000087f00000| Untracked 
| 100|0x0000000088000000, 0x0000000088000000, 0x0000000088100000|  0%| F|  |TAMS 0x0000000088000000, 0x0000000088000000| Untracked 
| 101|0x0000000088100000, 0x0000000088200000, 0x0000000088200000|100%| S|CS|TAMS 0x0000000088100000, 0x0000000088100000| Complete 
| 102|0x0000000088200000, 0x0000000088300000, 0x0000000088300000|100%| S|CS|TAMS 0x0000000088200000, 0x0000000088200000| Complete 
| 103|0x0000000088300000, 0x0000000088400000, 0x0000000088400000|100%| S|CS|TAMS 0x0000000088300000, 0x0000000088300000| Complete 
| 104|0x0000000088400000, 0x0000000088400000, 0x0000000088500000|  0%| F|  |TAMS 0x0000000088400000, 0x0000000088400000| Untracked 
| 105|0x0000000088500000, 0x0000000088500000, 0x0000000088600000|  0%| F|  |TAMS 0x0000000088500000, 0x0000000088500000| Untracked 
| 106|0x0000000088600000, 0x0000000088600000, 0x0000000088700000|  0%| F|  |TAMS 0x0000000088600000, 0x0000000088600000| Untracked 
| 107|0x0000000088700000, 0x0000000088700000, 0x0000000088800000|  0%| F|  |TAMS 0x0000000088700000, 0x0000000088700000| Untracked 
| 108|0x0000000088800000, 0x0000000088800000, 0x0000000088900000|  0%| F|  |TAMS 0x0000000088800000, 0x0000000088800000| Untracked 
| 109|0x0000000088900000, 0x0000000088900000, 0x0000000088a00000|  0%| F|  |TAMS 0x0000000088900000, 0x0000000088900000| Untracked 
| 110|0x0000000088a00000, 0x0000000088a00000, 0x0000000088b00000|  0%| F|  |TAMS 0x0000000088a00000, 0x0000000088a00000| Untracked 
| 111|0x0000000088b00000, 0x0000000088b00000, 0x0000000088c00000|  0%| F|  |TAMS 0x0000000088b00000, 0x0000000088b00000| Untracked 
| 112|0x0000000088c00000, 0x0000000088c00000, 0x0000000088d00000|  0%| F|  |TAMS 0x0000000088c00000, 0x0000000088c00000| Untracked 
| 113|0x0000000088d00000, 0x0000000088d00000, 0x0000000088e00000|  0%| F|  |TAMS 0x0000000088d00000, 0x0000000088d00000| Untracked 
| 114|0x0000000088e00000, 0x0000000088e00000, 0x0000000088f00000|  0%| F|  |TAMS 0x0000000088e00000, 0x0000000088e00000| Untracked 
| 115|0x0000000088f00000, 0x0000000088f00000, 0x0000000089000000|  0%| F|  |TAMS 0x0000000088f00000, 0x0000000088f00000| Untracked 
| 116|0x0000000089000000, 0x0000000089000000, 0x0000000089100000|  0%| F|  |TAMS 0x0000000089000000, 0x0000000089000000| Untracked 
| 117|0x0000000089100000, 0x0000000089100000, 0x0000000089200000|  0%| F|  |TAMS 0x0000000089100000, 0x0000000089100000| Untracked 
| 118|0x0000000089200000, 0x0000000089200000, 0x0000000089300000|  0%| F|  |TAMS 0x0000000089200000, 0x0000000089200000| Untracked 
| 119|0x0000000089300000, 0x0000000089300000, 0x0000000089400000|  0%| F|  |TAMS 0x0000000089300000, 0x0000000089300000| Untracked 
| 120|0x0000000089400000, 0x0000000089400000, 0x0000000089500000|  0%| F|  |TAMS 0x0000000089400000, 0x0000000089400000| Untracked 
| 121|0x0000000089500000, 0x0000000089500000, 0x0000000089600000|  0%| F|  |TAMS 0x0000000089500000, 0x0000000089500000| Untracked 
| 122|0x0000000089600000, 0x0000000089600000, 0x0000000089700000|  0%| F|  |TAMS 0x0000000089600000, 0x0000000089600000| Untracked 
| 123|0x0000000089700000, 0x0000000089700000, 0x0000000089800000|  0%| F|  |TAMS 0x0000000089700000, 0x0000000089700000| Untracked 
| 124|0x0000000089800000, 0x0000000089800000, 0x0000000089900000|  0%| F|  |TAMS 0x0000000089800000, 0x0000000089800000| Untracked 
| 125|0x0000000089900000, 0x0000000089900000, 0x0000000089a00000|  0%| F|  |TAMS 0x0000000089900000, 0x0000000089900000| Untracked 
| 126|0x0000000089a00000, 0x0000000089a00000, 0x0000000089b00000|  0%| F|  |TAMS 0x0000000089a00000, 0x0000000089a00000| Untracked 
| 127|0x0000000089b00000, 0x0000000089b80800, 0x0000000089c00000| 50%| E|  |TAMS 0x0000000089b00000, 0x0000000089b00000| Complete 

Card table byte_map: [0x0000021ccdd80000,0x0000021cce180000] _byte_map_base: 0x0000021ccd972000

Marking Bits (Prev, Next): (CMBitMap*) 0x0000021cbab6e7e8, (CMBitMap*) 0x0000021cbab6e820
 Prev Bits: [0x0000021cce580000, 0x0000021cd0510000)
 Next Bits: [0x0000021cd0510000, 0x0000021cd24a0000)

Polling page: 0x0000021cb8cb0000

Metaspace:

Usage:
  Non-class:      9.60 MB capacity,     9.44 MB ( 98%) used,   151.22 KB (  2%) free+waste,    12.19 KB ( <1%) overhead. 
      Class:      1.18 MB capacity,     1.09 MB ( 93%) used,    83.94 KB (  7%) free+waste,     6.06 KB ( <1%) overhead. 
       Both:     10.78 MB capacity,    10.53 MB ( 98%) used,   235.16 KB (  2%) free+waste,    18.25 KB ( <1%) overhead. 

Virtual space:
  Non-class space:       10.00 MB reserved,       9.75 MB ( 98%) committed 
      Class space:        1.00 GB reserved,       1.25 MB ( <1%) committed 
             Both:        1.01 GB reserved,      11.00 MB (  1%) committed 

Chunk freelists:
   Non-Class:  28.00 KB
       Class:  5.00 KB
        Both:  33.00 KB

MaxMetaspaceSize: 17179869184.00 GB
CompressedClassSpaceSize: 1.00 GB
Initial GC threshold: 20.80 MB
Current GC threshold: 20.80 MB
CDS: off

CodeHeap 'non-profiled nmethods': size=120000Kb used=284Kb max_used=284Kb free=119716Kb
 bounds [0x0000021cc6110000, 0x0000021cc6380000, 0x0000021ccd640000]
CodeHeap 'profiled nmethods': size=120000Kb used=1653Kb max_used=1653Kb free=118346Kb
 bounds [0x0000021cbebe0000, 0x0000021cbee50000, 0x0000021cc6110000]
CodeHeap 'non-nmethods': size=5760Kb used=1127Kb max_used=1141Kb free=4632Kb
 bounds [0x0000021cbe640000, 0x0000021cbe8b0000, 0x0000021cbebe0000]
 total_blobs=1251 nmethods=880 adapters=284
 compilation: enabled
              stopped_count=0, restarted_count=0
 full_count=0

Compilation events (20 events):
Event: 2.626 Thread 0x0000021cd4f00000 nmethod 841 0x0000021cbed6bd10 code [0x0000021cbed6bf20, 0x0000021cbed6c448]
Event: 2.626 Thread 0x0000021cd4f00000  840       3       sun.net.www.protocol.jar.Handler::indexOfBangSlash (52 bytes)
Event: 2.628 Thread 0x0000021cd4f00000 nmethod 840 0x0000021cbed6c610 code [0x0000021cbed6c880, 0x0000021cbed6d358]
Event: 2.642 Thread 0x0000021cd4f00000  842       3       java.util.regex.Pattern::nextEscaped (19 bytes)
Event: 2.643 Thread 0x0000021cd4f00000 nmethod 842 0x0000021cbed6d710 code [0x0000021cbed6d8c0, 0x0000021cbed6d9f8]
Event: 2.643 Thread 0x0000021cd4f00000  843       3       java.util.regex.Pattern::skip (23 bytes)
Event: 2.643 Thread 0x0000021cd4f00000 nmethod 843 0x0000021cbed6db10 code [0x0000021cbed6dcc0, 0x0000021cbed6ddf8]
Event: 2.643 Thread 0x0000021cd4f00000  844       3       java.util.concurrent.ConcurrentHashMap$ValueIterator::next (34 bytes)
Event: 2.643 Thread 0x0000021cd4f00000 nmethod 844 0x0000021cbed6df10 code [0x0000021cbed6e0e0, 0x0000021cbed6e378]
Event: 2.643 Thread 0x0000021cd4f00000  845   !   3       java.nio.DirectIntBufferU::get (29 bytes)
Event: 2.644 Thread 0x0000021cd4f00000 nmethod 845 0x0000021cbed6e490 code [0x0000021cbed6e660, 0x0000021cbed6e958]
Event: 2.644 Thread 0x0000021cd4f00000  846       3       java.nio.DirectIntBufferU::ix (10 bytes)
Event: 2.644 Thread 0x0000021cd4f00000 nmethod 846 0x0000021cbed6eb10 code [0x0000021cbed6ecc0, 0x0000021cbed6edd8]
Event: 2.644 Thread 0x0000021cd4f00000  847       3       java.util.Optional::empty (6 bytes)
Event: 2.644 Thread 0x0000021cd4f00000 nmethod 847 0x0000021cbed6ee90 code [0x0000021cbed6f040, 0x0000021cbed6f138]
Event: 2.692 Thread 0x0000021cd4f00000  849       1       java.lang.reflect.Method::getReturnType (5 bytes)
Event: 2.692 Thread 0x0000021cd4f00000 nmethod 849 0x0000021cc6154310 code [0x0000021cc61544c0, 0x0000021cc6154578]
Event: 2.692 Thread 0x0000021cd4f00000  850       3       java.util.LinkedList$ListItr::hasNext (20 bytes)
Event: 2.692 Thread 0x0000021cd4f00000 nmethod 850 0x0000021cbed6f210 code [0x0000021cbed6f3c0, 0x0000021cbed6f538]
Event: 2.710 Thread 0x0000021cd4f00000  854       3       java.lang.ClassLoader::definePackage (84 bytes)

GC Heap History (0 events):
No events

Deoptimization events (20 events):
Event: 2.528 Thread 0x0000021cbab30000 Uncommon trap: trap_request=0xffffffde fr.pc=0x0000021cc612e7e8 relative=0x00000000000003c8
Event: 2.528 Thread 0x0000021cbab30000 Uncommon trap: reason=class_check action=maybe_recompile pc=0x0000021cc612e7e8 method=java.util.regex.Matcher.match(II)Z @ 121 c2
Event: 2.528 Thread 0x0000021cbab30000 DEOPT PACKING pc=0x0000021cc612e7e8 sp=0x000000cdf0dfd100
Event: 2.528 Thread 0x0000021cbab30000 DEOPT UNPACKING pc=0x0000021cbe68a1af sp=0x000000cdf0dfd0a8 mode 2
Event: 2.528 Thread 0x0000021cbab30000 Uncommon trap: trap_request=0xffffffde fr.pc=0x0000021cc612e7e8 relative=0x00000000000003c8
Event: 2.528 Thread 0x0000021cbab30000 Uncommon trap: reason=class_check action=maybe_recompile pc=0x0000021cc612e7e8 method=java.util.regex.Matcher.match(II)Z @ 121 c2
Event: 2.528 Thread 0x0000021cbab30000 DEOPT PACKING pc=0x0000021cc612e7e8 sp=0x000000cdf0dfd100
Event: 2.528 Thread 0x0000021cbab30000 DEOPT UNPACKING pc=0x0000021cbe68a1af sp=0x000000cdf0dfd0a8 mode 2
Event: 2.530 Thread 0x0000021cbab30000 Uncommon trap: trap_request=0xffffffde fr.pc=0x0000021cc612e7e8 relative=0x00000000000003c8
Event: 2.530 Thread 0x0000021cbab30000 Uncommon trap: reason=class_check action=maybe_recompile pc=0x0000021cc612e7e8 method=java.util.regex.Matcher.match(II)Z @ 121 c2
Event: 2.530 Thread 0x0000021cbab30000 DEOPT PACKING pc=0x0000021cc612e7e8 sp=0x000000cdf0dfcf80
Event: 2.530 Thread 0x0000021cbab30000 DEOPT UNPACKING pc=0x0000021cbe68a1af sp=0x000000cdf0dfcf28 mode 2
Event: 2.530 Thread 0x0000021cbab30000 Uncommon trap: trap_request=0xffffffde fr.pc=0x0000021cc612e7e8 relative=0x00000000000003c8
Event: 2.530 Thread 0x0000021cbab30000 Uncommon trap: reason=class_check action=maybe_recompile pc=0x0000021cc612e7e8 method=java.util.regex.Matcher.match(II)Z @ 121 c2
Event: 2.530 Thread 0x0000021cbab30000 DEOPT PACKING pc=0x0000021cc612e7e8 sp=0x000000cdf0dfcf80
Event: 2.530 Thread 0x0000021cbab30000 DEOPT UNPACKING pc=0x0000021cbe68a1af sp=0x000000cdf0dfcf28 mode 2
Event: 2.547 Thread 0x0000021cbab30000 Uncommon trap: trap_request=0xffffff4d fr.pc=0x0000021cc61535d4 relative=0x0000000000000214
Event: 2.547 Thread 0x0000021cbab30000 Uncommon trap: reason=unstable_if action=reinterpret pc=0x0000021cc61535d4 method=java.util.HashMap.hash(Ljava/lang/Object;)I @ 1 c2
Event: 2.547 Thread 0x0000021cbab30000 DEOPT PACKING pc=0x0000021cc61535d4 sp=0x000000cdf0dfd060
Event: 2.547 Thread 0x0000021cbab30000 DEOPT UNPACKING pc=0x0000021cbe68a1af sp=0x000000cdf0dfcf98 mode 2

Classes redefined (0 events):
No events

Internal exceptions (5 events):
Event: 0.429 Thread 0x0000021cbab30000 Exception <a 'java/lang/NoSuchMethodError'{0x0000000089a9ed58}: 'int java.lang.invoke.DirectMethodHandle$Holder.invokeSpecialIFC(java.lang.Object, java.lang.Object, int)'> (0x0000000089a9ed58) thrown at [./src/hotspot/share/interpreter/linkResolver.cpp, line 773]
Event: 0.703 Thread 0x0000021cbab30000 Exception <a 'java/lang/NoSuchMethodError'{0x000000008986d1e8}: 'int java.lang.invoke.DirectMethodHandle$Holder.invokeStaticInit(java.lang.Object, java.lang.Object)'> (0x000000008986d1e8) thrown at [./src/hotspot/share/interpreter/linkResolver.cpp, line 773]
Event: 0.820 Thread 0x0000021cbab30000 Exception <a 'java/lang/NoSuchMethodError'{0x00000000897374b0}: 'int java.lang.invoke.DirectMethodHandle$Holder.invokeSpecial(java.lang.Object, java.lang.Object, java.lang.Object, java.lang.Object)'> (0x00000000897374b0) thrown at [./src/hotspot/share/interpreter/linkResolver.cpp, line 773]
Event: 2.547 Thread 0x0000021cbab30000 Implicit null exception at 0x0000021cc61533f5 to 0x0000021cc61535c4
Event: 2.649 Thread 0x0000021cbab30000 Exception <a 'java/lang/NoClassDefFoundError'{0x000000008859e770}: org/slf4j/impl/StaticMarkerBinder> (0x000000008859e770) thrown at [./src/hotspot/share/classfile/systemDictionary.cpp, line 220]

Events (20 events):
Event: 2.701 loading class org/gradle/internal/nativeintegration/filesystem/services/FileSystemServices
Event: 2.701 loading class org/gradle/internal/nativeintegration/filesystem/services/FileSystemServices done
Event: 2.702 loading class org/gradle/internal/nativeintegration/filesystem/Symlink
Event: 2.702 loading class org/gradle/internal/nativeintegration/filesystem/Symlink done
Event: 2.705 loading class org/gradle/internal/nativeintegration/filesystem/FileModeAccessor
Event: 2.705 loading class org/gradle/internal/nativeintegration/filesystem/FileModeAccessor done
Event: 2.706 loading class org/gradle/internal/nativeintegration/filesystem/FileModeMutator
Event: 2.706 loading class org/gradle/internal/nativeintegration/filesystem/FileModeMutator done
Event: 2.707 loading class org/gradle/internal/nativeintegration/filesystem/FileSystem
Event: 2.707 loading class org/gradle/internal/nativeintegration/filesystem/FileSystem done
Event: 2.708 loading class org/gradle/internal/file/Chmod
Event: 2.708 loading class org/gradle/internal/file/Chmod done
Event: 2.710 loading class org/gradle/internal/file/Stat
Event: 2.710 loading class org/gradle/internal/file/Stat done
Event: 2.711 loading class org/gradle/internal/nativeintegration/filesystem/FileCanonicalizer
Event: 2.711 loading class org/gradle/internal/nativeintegration/filesystem/FileCanonicalizer done
Event: 2.711 loading class org/gradle/internal/nativeintegration/filesystem/services/GenericFileSystem$Factory
Event: 2.711 loading class org/gradle/internal/nativeintegration/filesystem/services/GenericFileSystem$Factory done
Event: 2.712 loading class org/gradle/api/internal/file/temp/TemporaryFileProvider
Event: 2.712 loading class org/gradle/api/internal/file/temp/TemporaryFileProvider done


Dynamic libraries:
0x00007ff6ba6d0000 - 0x00007ff6ba6da000 	E:\Software\Android Studios\jre\bin\java.exe
0x00007ffeb0cd0000 - 0x00007ffeb0ec8000 	C:\WINDOWS\SYSTEM32\ntdll.dll
0x00007ffeb0910000 - 0x00007ffeb09cf000 	C:\WINDOWS\System32\KERNEL32.DLL
0x00007ffeae570000 - 0x00007ffeae842000 	C:\WINDOWS\System32\KERNELBASE.dll
0x00007ffeae3c0000 - 0x00007ffeae4c0000 	C:\WINDOWS\System32\ucrtbase.dll
0x00007ffe83b40000 - 0x00007ffe83b59000 	E:\Software\Android Studios\jre\bin\jli.dll
0x00007ffeaef60000 - 0x00007ffeaf101000 	C:\WINDOWS\System32\USER32.dll
0x00007ffeaece0000 - 0x00007ffeaed02000 	C:\WINDOWS\System32\win32u.dll
0x00007ffeaed10000 - 0x00007ffeaed3b000 	C:\WINDOWS\System32\GDI32.dll
0x00007ffeae910000 - 0x00007ffeaea1f000 	C:\WINDOWS\System32\gdi32full.dll
0x00007ffeaea70000 - 0x00007ffeaeb0d000 	C:\WINDOWS\System32\msvcp_win.dll
0x00007ffe83b60000 - 0x00007ffe83b77000 	E:\Software\Android Studios\jre\bin\VCRUNTIME140.dll
0x00007ffe96b30000 - 0x00007ffe96dca000 	C:\WINDOWS\WinSxS\amd64_microsoft.windows.common-controls_6595b64144ccf1df_6.0.19041.1110_none_60b5254171f9507e\COMCTL32.dll
0x00007ffeb02e0000 - 0x00007ffeb037e000 	C:\WINDOWS\System32\msvcrt.dll
0x00007ffeb08d0000 - 0x00007ffeb0902000 	C:\WINDOWS\System32\IMM32.DLL
0x00007ffe77790000 - 0x00007ffe7782d000 	E:\Software\Android Studios\jre\bin\msvcp140.dll
0x00007ffe2f4c0000 - 0x00007ffe2ffa5000 	E:\Software\Android Studios\jre\bin\server\jvm.dll
0x00007ffeaf890000 - 0x00007ffeaf93e000 	C:\WINDOWS\System32\ADVAPI32.dll
0x00007ffeb0240000 - 0x00007ffeb02dc000 	C:\WINDOWS\System32\sechost.dll
0x00007ffeb0b60000 - 0x00007ffeb0c85000 	C:\WINDOWS\System32\RPCRT4.dll
0x00007ffeb0b50000 - 0x00007ffeb0b58000 	C:\WINDOWS\System32\PSAPI.DLL
0x00007ffea9bc0000 - 0x00007ffea9bc9000 	C:\WINDOWS\SYSTEM32\WSOCK32.dll
0x00007ffeaf940000 - 0x00007ffeaf9ab000 	C:\WINDOWS\System32\WS2_32.dll
0x00007ffe92790000 - 0x00007ffe927b7000 	C:\WINDOWS\SYSTEM32\WINMM.dll
0x00007ffea68b0000 - 0x00007ffea68ba000 	C:\WINDOWS\SYSTEM32\VERSION.dll
0x00007ffeac2b0000 - 0x00007ffeac2c2000 	C:\WINDOWS\SYSTEM32\kernel.appcore.dll
0x00007ffe83a60000 - 0x00007ffe83a71000 	E:\Software\Android Studios\jre\bin\verify.dll
0x00007ffeabb70000 - 0x00007ffeabd54000 	C:\WINDOWS\SYSTEM32\DBGHELP.DLL
0x00007ffe90f40000 - 0x00007ffe90f75000 	C:\WINDOWS\SYSTEM32\dbgcore.DLL
0x00007ffeae880000 - 0x00007ffeae902000 	C:\WINDOWS\System32\bcryptPrimitives.dll
0x00007ffe77760000 - 0x00007ffe77789000 	E:\Software\Android Studios\jre\bin\java.dll
0x00007ffe83fd0000 - 0x00007ffe83fdb000 	E:\Software\Android Studios\jre\bin\jimage.dll
0x00007ffe77740000 - 0x00007ffe77758000 	E:\Software\Android Studios\jre\bin\zip.dll
0x00007ffeafaf0000 - 0x00007ffeb0234000 	C:\WINDOWS\System32\SHELL32.dll
0x00007ffeac460000 - 0x00007ffeacbf2000 	C:\WINDOWS\SYSTEM32\windows.storage.dll
0x00007ffeaf2b0000 - 0x00007ffeaf605000 	C:\WINDOWS\System32\combase.dll
0x00007ffeadd40000 - 0x00007ffeadd70000 	C:\WINDOWS\SYSTEM32\Wldp.dll
0x00007ffeaee20000 - 0x00007ffeaeecd000 	C:\WINDOWS\System32\SHCORE.dll
0x00007ffeaf120000 - 0x00007ffeaf175000 	C:\WINDOWS\System32\shlwapi.dll
0x00007ffeae300000 - 0x00007ffeae31f000 	C:\WINDOWS\SYSTEM32\profapi.dll
0x00007ffe77720000 - 0x00007ffe7773a000 	E:\Software\Android Studios\jre\bin\net.dll
0x00007ffea4cc0000 - 0x00007ffea4dcc000 	C:\WINDOWS\SYSTEM32\WINHTTP.dll
0x00007ffeadaa0000 - 0x00007ffeadb0a000 	C:\WINDOWS\system32\mswsock.dll
0x00007ffe77610000 - 0x00007ffe77624000 	E:\Software\Android Studios\jre\bin\nio.dll

dbghelp: loaded successfully - version: 4.0.5 - missing functions: none
symbol engine: initialized successfully - sym options: 0x614 - pdb path: .;E:\Software\Android Studios\jre\bin;C:\WINDOWS\SYSTEM32;C:\WINDOWS\WinSxS\amd64_microsoft.windows.common-controls_6595b64144ccf1df_6.0.19041.1110_none_60b5254171f9507e;E:\Software\Android Studios\jre\bin\server

VM Arguments:
jvm_args: -Dorg.gradle.appname=gradlew 
java_command: org.gradle.wrapper.GradleWrapperMain -q -Ptarget-platform=android-x86 -Ptarget=E:\Projects\AusamProject\App\Automated-Gate-UI\ausum_app\lib\main.dart -Pbase-application-name=android.app.Application -Pdart-defines=RkxVVFRFUl9XRUJfQVVUT19ERVRFQ1Q9dHJ1ZQ== -Pdart-obfuscation=false -Ptrack-widget-creation=true -Ptree-shake-icons=false -Pfilesystem-scheme=org-dartlang-root assembleDebug
java_class_path (initial): E:\Projects\AusamProject\App\Automated-Gate-UI\ausum_app\android\\gradle\wrapper\gradle-wrapper.jar
Launcher Type: SUN_STANDARD

[Global flags]
     intx CICompilerCount                          = 4                                         {product} {ergonomic}
     uint ConcGCThreads                            = 2                                         {product} {ergonomic}
     uint G1ConcRefinementThreads                  = 8                                         {product} {ergonomic}
   size_t G1HeapRegionSize                         = 1048576                                   {product} {ergonomic}
    uintx GCDrainStackTargetSize                   = 64                                        {product} {ergonomic}
   size_t InitialHeapSize                          = 134217728                                 {product} {ergonomic}
   size_t MarkStackSize                            = 4194304                                   {product} {ergonomic}
   size_t MaxHeapSize                              = 2118123520                                {product} {ergonomic}
   size_t MaxNewSize                               = 1270874112                                {product} {ergonomic}
   size_t MinHeapDeltaBytes                        = 1048576                                   {product} {ergonomic}
    uintx NonNMethodCodeHeapSize                   = 5836300                                {pd product} {ergonomic}
    uintx NonProfiledCodeHeapSize                  = 122910970                              {pd product} {ergonomic}
    uintx ProfiledCodeHeapSize                     = 122910970                              {pd product} {ergonomic}
    uintx ReservedCodeCacheSize                    = 251658240                              {pd product} {ergonomic}
     bool SegmentedCodeCache                       = true                                      {product} {ergonomic}
     bool UseCompressedClassPointers               = true                                 {lp64_product} {ergonomic}
     bool UseCompressedOops                        = true                                 {lp64_product} {ergonomic}
     bool UseG1GC                                  = true                                      {product} {ergonomic}
     bool UseLargePagesIndividualAllocation        = false                                  {pd product} {ergonomic}

Logging:
Log output configuration:
 #0: stdout all=warning uptime,level,tags
 #1: stderr all=off uptime,level,tags

Environment Variables:
JAVA_HOME=E:\Software\Android Studios\jre
CLASSPATH=E:\Projects\AusamProject\App\Automated-Gate-UI\ausum_app\android\\gradle\wrapper\gradle-wrapper.jar
PATH=C:\Python311\Scripts\;C:\Python311\;C:\Program Files\Common Files\Oracle\Java\javapath;C:\WINDOWS\system32;C:\WINDOWS;C:\WINDOWS\System32\Wbem;C:\WINDOWS\System32\WindowsPowerShell\v1.0\;C:\WINDOWS\System32\OpenSSH\;E:\Software\Git\cmd;E:\Software\Node\;C:\ProgramData\chocolatey\bin;C:\Users\rishi\AppData\Local\Pub\Cache\bin;C:\Program Files\MySQL\MySQL Server 8.0\bin;C:\Program Files\dotnet\;C:\Program Files\MySQL\MySQL Shell 8.0\bin\;E:\Software\Scripts\;E:\Software\python;C:\Users\rishi\AppData\Local\Microsoft\WindowsApps;E:\Software\Flutter\flutter\bin;E:\Software\Microsoft VS Code\bin;E:\Software\Flutter\flutter\bin;E:\Software\pycharm\PyCharm Community Edition 2022.1.3\bin;;E:\Software\python\Scripts;E:\Projects\firebase_cli\firebase-tools-instant-win;C:\Users\rishi\AppData\Roaming\npm;E:\Software\IntelliJ IDEA Community Edition 2022.3.1\bin;;E:\Software\Flutter\flutter\bin\mingit\cmd
USERNAME=rishi
LANG=en_US.UTF-8
OS=Windows_NT
PROCESSOR_IDENTIFIER=Intel64 Family 6 Model 142 Stepping 11, GenuineIntel



---------------  S Y S T E M  ---------------

OS: Windows 10 , 64 bit Build 19041 (10.0.19041.2364)
OS uptime: 1 days 23:16 hours

CPU:total 8 (initial active 8) (4 cores per cpu, 2 threads per core) family 6 model 142 stepping 11 microcode 0xec, cmov, cx8, fxsr, mmx, sse, sse2, sse3, ssse3, sse4.1, sse4.2, popcnt, avx, avx2, aes, clmul, erms, 3dnowpref, lzcnt, ht, tsc, tscinvbit, bmi1, bmi2, adx, fma

Memory: 4k page, system-wide physical 8073M (146M free)
TotalPageFile size 14484M (AvailPageFile size 15M)
current process WorkingSet (physical memory assigned to process): 89M, peak: 89M
current process commit charge ("private bytes"): 222M, peak: 223M

vm_info: OpenJDK 64-Bit Server VM (11.0.12+7-b1504.28-7817840) for windows-amd64 JRE (11.0.12+7-b1504.28-7817840), built on Oct 13 2021 22:12:33 by "builder" with MS VC++ 14.0 (VS2015)

END.
